<?xml version="1.0" encoding="UTF-8"?>
<coverage generated="1573886371035" clover="3.2.0">
  <project timestamp="1573886371035" name="All files">
    <metrics statements="42" coveredstatements="19" conditionals="18" coveredconditionals="7" methods="13" coveredmethods="5" elements="73" coveredelements="31" complexity="0" loc="42" ncloc="42" packages="1" files="3" classes="3"/>
    <file name="Gameboard.js" path="C:\Users\kaubin\Documents\Drexel\SE691 Software Studio\SE691-project\kot\frontend\src\containers\Gameboard.js">
      <metrics statements="9" coveredstatements="7" conditionals="6" coveredconditionals="3" methods="2" coveredmethods="2"/>
      <line num="12" count="1" type="stmt"/>
      <line num="14" count="1" type="stmt"/>
      <line num="15" count="1" type="stmt"/>
      <line num="16" count="1" type="cond" truecount="2" falsecount="2"/>
      <line num="17" count="0" type="stmt"/>
      <line num="18" count="0" type="stmt"/>
      <line num="21" count="1" type="stmt"/>
      <line num="27" count="1" type="stmt"/>
      <line num="31" count="1" type="stmt"/>
    </file>
    <file name="Lobby.js" path="C:\Users\kaubin\Documents\Drexel\SE691 Software Studio\SE691-project\kot\frontend\src\containers\Lobby.js">
      <metrics statements="17" coveredstatements="12" conditionals="6" coveredconditionals="4" methods="5" coveredmethods="3"/>
      <line num="10" count="4" type="stmt"/>
      <line num="11" count="4" type="stmt"/>
      <line num="12" count="4" type="stmt"/>
      <line num="13" count="4" type="cond" truecount="3" falsecount="1"/>
      <line num="14" count="0" type="stmt"/>
      <line num="15" count="0" type="stmt"/>
      <line num="18" count="4" type="stmt"/>
      <line num="25" count="4" type="stmt"/>
      <line num="26" count="0" type="stmt"/>
      <line num="31" count="4" type="stmt"/>
      <line num="32" count="4" type="stmt"/>
      <line num="33" count="4" type="stmt"/>
      <line num="34" count="4" type="cond" truecount="1" falsecount="1"/>
      <line num="35" count="0" type="stmt"/>
      <line num="45" count="4" type="stmt"/>
      <line num="46" count="0" type="stmt"/>
      <line num="53" count="4" type="stmt"/>
    </file>
    <file name="Login.js" path="C:\Users\kaubin\Documents\Drexel\SE691 Software Studio\SE691-project\kot\frontend\src\containers\Login.js">
      <metrics statements="16" coveredstatements="0" conditionals="6" coveredconditionals="0" methods="6" coveredmethods="0"/>
      <line num="11" count="0" type="stmt"/>
      <line num="13" count="0" type="stmt"/>
      <line num="14" count="0" type="stmt"/>
      <line num="15" count="0" type="cond" truecount="0" falsecount="4"/>
      <line num="16" count="0" type="stmt"/>
      <line num="19" count="0" type="stmt"/>
      <line num="25" count="0" type="stmt"/>
      <line num="26" count="0" type="stmt"/>
      <line num="32" count="0" type="stmt"/>
      <line num="33" count="0" type="stmt"/>
      <line num="38" count="0" type="stmt"/>
      <line num="39" count="0" type="stmt"/>
      <line num="40" count="0" type="cond" truecount="0" falsecount="2"/>
      <line num="41" count="0" type="stmt"/>
      <line num="50" count="0" type="stmt"/>
      <line num="71" count="0" type="stmt"/>
    </file>
  </project>
</coverage>
