{"C:\\Users\\kaubin\\Documents\\Drexel\\SE691 Software Studio\\dev\\indicate_observers\\frontend\\src\\components\\LobbyListDisplay\\LobbyListDisplay.js": {"path":"C:\\Users\\kaubin\\Documents\\Drexel\\SE691 Software Studio\\dev\\indicate_observers\\frontend\\src\\components\\LobbyListDisplay\\LobbyListDisplay.js","statementMap":{"0":{"start":{"line":9,"column":4},"end":{"line":9,"column":26}},"1":{"start":{"line":11,"column":4},"end":{"line":16,"column":6}},"2":{"start":{"line":18,"column":4},"end":{"line":20,"column":6}},"3":{"start":{"line":22,"column":4},"end":{"line":28,"column":7}},"4":{"start":{"line":23,"column":22},"end":{"line":26,"column":7}},"5":{"start":{"line":27,"column":6},"end":{"line":27,"column":40}},"6":{"start":{"line":32,"column":22},"end":{"line":32,"column":26}},"7":{"start":{"line":33,"column":4},"end":{"line":43,"column":12}},"8":{"start":{"line":35,"column":6},"end":{"line":42,"column":7}},"9":{"start":{"line":36,"column":8},"end":{"line":36,"column":48}},"10":{"start":{"line":37,"column":8},"end":{"line":37,"column":19}},"11":{"start":{"line":38,"column":8},"end":{"line":38,"column":15}},"12":{"start":{"line":40,"column":8},"end":{"line":40,"column":52}},"13":{"start":{"line":41,"column":8},"end":{"line":41,"column":52}},"14":{"start":{"line":47,"column":4},"end":{"line":51,"column":6}},"15":{"start":{"line":55,"column":20},"end":{"line":55,"column":35}},"16":{"start":{"line":57,"column":4},"end":{"line":57,"column":56}},"17":{"start":{"line":57,"column":49},"end":{"line":57,"column":56}},"18":{"start":{"line":59,"column":4},"end":{"line":82,"column":5}},"19":{"start":{"line":60,"column":22},"end":{"line":60,"column":24}},"20":{"start":{"line":61,"column":6},"end":{"line":77,"column":20}},"21":{"start":{"line":62,"column":8},"end":{"line":76,"column":9}},"22":{"start":{"line":63,"column":21},"end":{"line":63,"column":38}},"23":{"start":{"line":64,"column":30},"end":{"line":64,"column":46}},"24":{"start":{"line":66,"column":28},"end":{"line":66,"column":30}},"25":{"start":{"line":67,"column":10},"end":{"line":70,"column":11}},"26":{"start":{"line":68,"column":25},"end":{"line":68,"column":50}},"27":{"start":{"line":69,"column":12},"end":{"line":69,"column":46}},"28":{"start":{"line":72,"column":10},"end":{"line":75,"column":13}},"29":{"start":{"line":79,"column":6},"end":{"line":81,"column":7}},"30":{"start":{"line":80,"column":8},"end":{"line":80,"column":43}},"31":{"start":{"line":85,"column":16},"end":{"line":90,"column":3}},"32":{"start":{"line":86,"column":4},"end":{"line":89,"column":7}},"33":{"start":{"line":92,"column":19},"end":{"line":108,"column":3}},"34":{"start":{"line":93,"column":17},"end":{"line":93,"column":36}},"35":{"start":{"line":94,"column":17},"end":{"line":94,"column":36}},"36":{"start":{"line":95,"column":4},"end":{"line":107,"column":5}},"37":{"start":{"line":96,"column":6},"end":{"line":106,"column":8}},"38":{"start":{"line":111,"column":4},"end":{"line":148,"column":5}},"39":{"start":{"line":112,"column":6},"end":{"line":147,"column":7}},"40":{"start":{"line":113,"column":8},"end":{"line":146,"column":10}},"41":{"start":{"line":125,"column":18},"end":{"line":141,"column":23}},"42":{"start":{"line":149,"column":4},"end":{"line":149,"column":32}},"43":{"start":{"line":153,"column":4},"end":{"line":184,"column":6}},"44":{"start":{"line":188,"column":4},"end":{"line":188,"column":30}}},"fnMap":{"0":{"name":"(anonymous_0)","decl":{"start":{"line":8,"column":2},"end":{"line":8,"column":3}},"loc":{"start":{"line":8,"column":30},"end":{"line":29,"column":3}},"line":8},"1":{"name":"(anonymous_1)","decl":{"start":{"line":22,"column":33},"end":{"line":22,"column":34}},"loc":{"start":{"line":22,"column":39},"end":{"line":28,"column":5}},"line":22},"2":{"name":"(anonymous_2)","decl":{"start":{"line":31,"column":2},"end":{"line":31,"column":3}},"loc":{"start":{"line":31,"column":36},"end":{"line":44,"column":3}},"line":31},"3":{"name":"(anonymous_3)","decl":{"start":{"line":33,"column":15},"end":{"line":33,"column":16}},"loc":{"start":{"line":33,"column":26},"end":{"line":43,"column":5}},"line":33},"4":{"name":"(anonymous_4)","decl":{"start":{"line":46,"column":2},"end":{"line":46,"column":3}},"loc":{"start":{"line":46,"column":43},"end":{"line":52,"column":3}},"line":46},"5":{"name":"(anonymous_5)","decl":{"start":{"line":54,"column":2},"end":{"line":54,"column":3}},"loc":{"start":{"line":54,"column":35},"end":{"line":83,"column":3}},"line":54},"6":{"name":"(anonymous_6)","decl":{"start":{"line":85,"column":16},"end":{"line":85,"column":17}},"loc":{"start":{"line":85,"column":21},"end":{"line":90,"column":3}},"line":85},"7":{"name":"(anonymous_7)","decl":{"start":{"line":92,"column":19},"end":{"line":92,"column":20}},"loc":{"start":{"line":92,"column":25},"end":{"line":108,"column":3}},"line":92},"8":{"name":"(anonymous_8)","decl":{"start":{"line":110,"column":2},"end":{"line":110,"column":3}},"loc":{"start":{"line":110,"column":16},"end":{"line":150,"column":3}},"line":110},"9":{"name":"(anonymous_9)","decl":{"start":{"line":124,"column":37},"end":{"line":124,"column":38}},"loc":{"start":{"line":125,"column":18},"end":{"line":141,"column":23}},"line":125},"10":{"name":"(anonymous_10)","decl":{"start":{"line":152,"column":2},"end":{"line":152,"column":3}},"loc":{"start":{"line":152,"column":18},"end":{"line":185,"column":3}},"line":152},"11":{"name":"(anonymous_11)","decl":{"start":{"line":187,"column":2},"end":{"line":187,"column":3}},"loc":{"start":{"line":187,"column":11},"end":{"line":189,"column":3}},"line":187}},"branchMap":{"0":{"loc":{"start":{"line":35,"column":6},"end":{"line":42,"column":7}},"type":"if","locations":[{"start":{"line":35,"column":6},"end":{"line":42,"column":7}},{"start":{"line":35,"column":6},"end":{"line":42,"column":7}}],"line":35},"1":{"loc":{"start":{"line":57,"column":4},"end":{"line":57,"column":56}},"type":"if","locations":[{"start":{"line":57,"column":4},"end":{"line":57,"column":56}},{"start":{"line":57,"column":4},"end":{"line":57,"column":56}}],"line":57},"2":{"loc":{"start":{"line":57,"column":8},"end":{"line":57,"column":47}},"type":"binary-expr","locations":[{"start":{"line":57,"column":8},"end":{"line":57,"column":29}},{"start":{"line":57,"column":33},"end":{"line":57,"column":47}}],"line":57},"3":{"loc":{"start":{"line":59,"column":4},"end":{"line":82,"column":5}},"type":"if","locations":[{"start":{"line":59,"column":4},"end":{"line":82,"column":5}},{"start":{"line":59,"column":4},"end":{"line":82,"column":5}}],"line":59},"4":{"loc":{"start":{"line":79,"column":6},"end":{"line":81,"column":7}},"type":"if","locations":[{"start":{"line":79,"column":6},"end":{"line":81,"column":7}},{"start":{"line":79,"column":6},"end":{"line":81,"column":7}}],"line":79},"5":{"loc":{"start":{"line":95,"column":4},"end":{"line":107,"column":5}},"type":"if","locations":[{"start":{"line":95,"column":4},"end":{"line":107,"column":5}},{"start":{"line":95,"column":4},"end":{"line":107,"column":5}}],"line":95},"6":{"loc":{"start":{"line":111,"column":4},"end":{"line":148,"column":5}},"type":"if","locations":[{"start":{"line":111,"column":4},"end":{"line":148,"column":5}},{"start":{"line":111,"column":4},"end":{"line":148,"column":5}}],"line":111},"7":{"loc":{"start":{"line":112,"column":6},"end":{"line":147,"column":7}},"type":"if","locations":[{"start":{"line":112,"column":6},"end":{"line":147,"column":7}},{"start":{"line":112,"column":6},"end":{"line":147,"column":7}}],"line":112}},"s":{"0":5,"1":5,"2":5,"3":5,"4":0,"5":0,"6":5,"7":5,"8":0,"9":0,"10":0,"11":0,"12":0,"13":0,"14":0,"15":1,"16":1,"17":0,"18":1,"19":0,"20":0,"21":0,"22":0,"23":0,"24":0,"25":0,"26":0,"27":0,"28":0,"29":0,"30":0,"31":5,"32":0,"33":5,"34":9,"35":9,"36":9,"37":0,"38":5,"39":5,"40":2,"41":6,"42":3,"43":3,"44":5},"f":{"0":5,"1":0,"2":5,"3":0,"4":0,"5":1,"6":0,"7":9,"8":5,"9":6,"10":3,"11":5},"b":{"0":[0,0],"1":[0,1],"2":[1,1],"3":[0,1],"4":[0,0],"5":[0,9],"6":[5,0],"7":[2,3]},"_coverageSchema":"43e27e138ebf9cfc5966b082cf9a028302ed4184","hash":"dd233c640ea6242bb47c0b1137f495fd62eacf0a"}
,"C:\\Users\\kaubin\\Documents\\Drexel\\SE691 Software Studio\\dev\\indicate_observers\\frontend\\src\\components\\PlayerValues\\PlayerHandDisplay.js": {"path":"C:\\Users\\kaubin\\Documents\\Drexel\\SE691 Software Studio\\dev\\indicate_observers\\frontend\\src\\components\\PlayerValues\\PlayerHandDisplay.js","statementMap":{"0":{"start":{"line":8,"column":4},"end":{"line":8,"column":26}},"1":{"start":{"line":10,"column":4},"end":{"line":10,"column":23}},"2":{"start":{"line":14,"column":16},"end":{"line":14,"column":18}},"3":{"start":{"line":15,"column":4},"end":{"line":19,"column":5}},"4":{"start":{"line":16,"column":6},"end":{"line":18,"column":20}},"5":{"start":{"line":17,"column":8},"end":{"line":17,"column":44}},"6":{"start":{"line":21,"column":4},"end":{"line":25,"column":6}},"7":{"start":{"line":29,"column":4},"end":{"line":29,"column":23}},"8":{"start":{"line":31,"column":4},"end":{"line":55,"column":5}},"9":{"start":{"line":32,"column":6},"end":{"line":47,"column":8}},"10":{"start":{"line":37,"column":14},"end":{"line":43,"column":16}},"11":{"start":{"line":49,"column":6},"end":{"line":54,"column":8}}},"fnMap":{"0":{"name":"(anonymous_0)","decl":{"start":{"line":7,"column":2},"end":{"line":7,"column":3}},"loc":{"start":{"line":7,"column":30},"end":{"line":11,"column":3}},"line":7},"1":{"name":"(anonymous_1)","decl":{"start":{"line":13,"column":2},"end":{"line":13,"column":3}},"loc":{"start":{"line":13,"column":16},"end":{"line":26,"column":3}},"line":13},"2":{"name":"(anonymous_2)","decl":{"start":{"line":28,"column":2},"end":{"line":28,"column":3}},"loc":{"start":{"line":28,"column":11},"end":{"line":56,"column":3}},"line":28},"3":{"name":"(anonymous_3)","decl":{"start":{"line":36,"column":33},"end":{"line":36,"column":34}},"loc":{"start":{"line":37,"column":14},"end":{"line":43,"column":16}},"line":37}},"branchMap":{"0":{"loc":{"start":{"line":15,"column":4},"end":{"line":19,"column":5}},"type":"if","locations":[{"start":{"line":15,"column":4},"end":{"line":19,"column":5}},{"start":{"line":15,"column":4},"end":{"line":19,"column":5}}],"line":15},"1":{"loc":{"start":{"line":31,"column":4},"end":{"line":55,"column":5}},"type":"if","locations":[{"start":{"line":31,"column":4},"end":{"line":55,"column":5}},{"start":{"line":31,"column":4},"end":{"line":55,"column":5}}],"line":31},"2":{"loc":{"start":{"line":31,"column":8},"end":{"line":31,"column":53}},"type":"binary-expr","locations":[{"start":{"line":31,"column":8},"end":{"line":31,"column":23}},{"start":{"line":31,"column":27},"end":{"line":31,"column":53}}],"line":31}},"s":{"0":3,"1":3,"2":6,"3":6,"4":6,"5":6,"6":6,"7":3,"8":3,"9":2,"10":6,"11":1},"f":{"0":3,"1":6,"2":3,"3":6},"b":{"0":[6,0],"1":[2,1],"2":[3,3]},"_coverageSchema":"43e27e138ebf9cfc5966b082cf9a028302ed4184","hash":"ba0afca8736a78c93e73732e6e3e9b9f8ccf8ef5"}
,"C:\\Users\\kaubin\\Documents\\Drexel\\SE691 Software Studio\\dev\\indicate_observers\\frontend\\src\\components\\PlayerValues\\PlayerValues.js": {"path":"C:\\Users\\kaubin\\Documents\\Drexel\\SE691 Software Studio\\dev\\indicate_observers\\frontend\\src\\components\\PlayerValues\\PlayerValues.js","statementMap":{"0":{"start":{"line":10,"column":4},"end":{"line":10,"column":26}},"1":{"start":{"line":14,"column":22},"end":{"line":14,"column":28}},"2":{"start":{"line":15,"column":4},"end":{"line":17,"column":5}},"3":{"start":{"line":16,"column":6},"end":{"line":16,"column":26}},"4":{"start":{"line":19,"column":4},"end":{"line":60,"column":6}}},"fnMap":{"0":{"name":"(anonymous_0)","decl":{"start":{"line":9,"column":2},"end":{"line":9,"column":3}},"loc":{"start":{"line":9,"column":30},"end":{"line":11,"column":3}},"line":9},"1":{"name":"(anonymous_1)","decl":{"start":{"line":13,"column":2},"end":{"line":13,"column":3}},"loc":{"start":{"line":13,"column":11},"end":{"line":61,"column":3}},"line":13}},"branchMap":{"0":{"loc":{"start":{"line":15,"column":4},"end":{"line":17,"column":5}},"type":"if","locations":[{"start":{"line":15,"column":4},"end":{"line":17,"column":5}},{"start":{"line":15,"column":4},"end":{"line":17,"column":5}}],"line":15}},"s":{"0":1,"1":1,"2":1,"3":0,"4":1},"f":{"0":1,"1":1},"b":{"0":[0,1]},"_coverageSchema":"43e27e138ebf9cfc5966b082cf9a028302ed4184","hash":"689b5b56f6b92e8c2905b53e6af48e9531357d4b"}
}
