{"C:\\Users\\kaubin\\Documents\\Drexel\\SE691 Software Studio\\dev\\add_channel_roll_cmd\\frontend\\src\\components\\Dice\\DiceRoller.js": {"path":"C:\\Users\\kaubin\\Documents\\Drexel\\SE691 Software Studio\\dev\\add_channel_roll_cmd\\frontend\\src\\components\\Dice\\DiceRoller.js","statementMap":{"0":{"start":{"line":13,"column":4},"end":{"line":13,"column":17}},"1":{"start":{"line":15,"column":4},"end":{"line":21,"column":6}},"2":{"start":{"line":23,"column":4},"end":{"line":23,"column":55}},"3":{"start":{"line":24,"column":4},"end":{"line":24,"column":43}},"4":{"start":{"line":25,"column":4},"end":{"line":25,"column":68}},"5":{"start":{"line":26,"column":4},"end":{"line":26,"column":72}},"6":{"start":{"line":33,"column":25},"end":{"line":35,"column":3}},"7":{"start":{"line":34,"column":4},"end":{"line":34,"column":50}},"8":{"start":{"line":39,"column":37},"end":{"line":39,"column":49}},"9":{"start":{"line":40,"column":20},"end":{"line":40,"column":35}},"10":{"start":{"line":42,"column":22},"end":{"line":42,"column":70}},"11":{"start":{"line":44,"column":4},"end":{"line":44,"column":48}},"12":{"start":{"line":46,"column":4},"end":{"line":52,"column":5}},"13":{"start":{"line":48,"column":6},"end":{"line":48,"column":40}},"14":{"start":{"line":50,"column":6},"end":{"line":50,"column":58}},"15":{"start":{"line":50,"column":51},"end":{"line":50,"column":58}},"16":{"start":{"line":51,"column":6},"end":{"line":51,"column":45}},"17":{"start":{"line":58,"column":37},"end":{"line":58,"column":52}},"18":{"start":{"line":60,"column":4},"end":{"line":64,"column":13}},"19":{"start":{"line":64,"column":6},"end":{"line":64,"column":13}},"20":{"start":{"line":66,"column":22},"end":{"line":66,"column":70}},"21":{"start":{"line":68,"column":4},"end":{"line":68,"column":48}},"22":{"start":{"line":70,"column":4},"end":{"line":73,"column":5}},"23":{"start":{"line":72,"column":6},"end":{"line":72,"column":40}},"24":{"start":{"line":77,"column":4},"end":{"line":86,"column":5}},"25":{"start":{"line":78,"column":6},"end":{"line":83,"column":9}},"26":{"start":{"line":85,"column":6},"end":{"line":85,"column":29}},"27":{"start":{"line":90,"column":4},"end":{"line":102,"column":5}},"28":{"start":{"line":91,"column":6},"end":{"line":99,"column":7}},"29":{"start":{"line":92,"column":30},"end":{"line":96,"column":9}},"30":{"start":{"line":98,"column":8},"end":{"line":98,"column":49}},"31":{"start":{"line":101,"column":6},"end":{"line":101,"column":29}},"32":{"start":{"line":106,"column":4},"end":{"line":111,"column":7}},"33":{"start":{"line":115,"column":19},"end":{"line":115,"column":40}},"34":{"start":{"line":117,"column":4},"end":{"line":125,"column":5}},"35":{"start":{"line":118,"column":6},"end":{"line":120,"column":9}},"36":{"start":{"line":119,"column":8},"end":{"line":119,"column":25}},"37":{"start":{"line":122,"column":6},"end":{"line":124,"column":9}},"38":{"start":{"line":123,"column":8},"end":{"line":123,"column":38}},"39":{"start":{"line":127,"column":4},"end":{"line":139,"column":5}},"40":{"start":{"line":128,"column":28},"end":{"line":132,"column":7}},"41":{"start":{"line":134,"column":6},"end":{"line":134,"column":43}},"42":{"start":{"line":135,"column":6},"end":{"line":137,"column":9}},"43":{"start":{"line":138,"column":6},"end":{"line":138,"column":18}},"44":{"start":{"line":140,"column":4},"end":{"line":140,"column":17}},"45":{"start":{"line":148,"column":4},"end":{"line":153,"column":7}},"46":{"start":{"line":157,"column":4},"end":{"line":161,"column":5}},"47":{"start":{"line":158,"column":21},"end":{"line":158,"column":51}},"48":{"start":{"line":159,"column":22},"end":{"line":159,"column":50}},"49":{"start":{"line":160,"column":6},"end":{"line":160,"column":34}},"50":{"start":{"line":163,"column":4},"end":{"line":163,"column":13}},"51":{"start":{"line":167,"column":4},"end":{"line":192,"column":6}}},"fnMap":{"0":{"name":"(anonymous_0)","decl":{"start":{"line":12,"column":2},"end":{"line":12,"column":3}},"loc":{"start":{"line":12,"column":21},"end":{"line":27,"column":3}},"line":12},"1":{"name":"(anonymous_1)","decl":{"start":{"line":29,"column":2},"end":{"line":29,"column":3}},"loc":{"start":{"line":29,"column":22},"end":{"line":31,"column":3}},"line":29},"2":{"name":"(anonymous_2)","decl":{"start":{"line":33,"column":25},"end":{"line":33,"column":26}},"loc":{"start":{"line":33,"column":41},"end":{"line":35,"column":3}},"line":33},"3":{"name":"(anonymous_3)","decl":{"start":{"line":37,"column":2},"end":{"line":37,"column":3}},"loc":{"start":{"line":37,"column":29},"end":{"line":53,"column":3}},"line":37},"4":{"name":"(anonymous_4)","decl":{"start":{"line":55,"column":2},"end":{"line":55,"column":3}},"loc":{"start":{"line":55,"column":28},"end":{"line":74,"column":3}},"line":55},"5":{"name":"(anonymous_5)","decl":{"start":{"line":76,"column":2},"end":{"line":76,"column":3}},"loc":{"start":{"line":76,"column":17},"end":{"line":87,"column":3}},"line":76},"6":{"name":"(anonymous_6)","decl":{"start":{"line":89,"column":2},"end":{"line":89,"column":3}},"loc":{"start":{"line":89,"column":29},"end":{"line":103,"column":3}},"line":89},"7":{"name":"(anonymous_7)","decl":{"start":{"line":105,"column":2},"end":{"line":105,"column":3}},"loc":{"start":{"line":105,"column":33},"end":{"line":112,"column":3}},"line":105},"8":{"name":"(anonymous_8)","decl":{"start":{"line":114,"column":2},"end":{"line":114,"column":3}},"loc":{"start":{"line":114,"column":26},"end":{"line":141,"column":3}},"line":114},"9":{"name":"(anonymous_9)","decl":{"start":{"line":118,"column":23},"end":{"line":118,"column":24}},"loc":{"start":{"line":118,"column":32},"end":{"line":120,"column":7}},"line":118},"10":{"name":"(anonymous_10)","decl":{"start":{"line":122,"column":38},"end":{"line":122,"column":39}},"loc":{"start":{"line":122,"column":47},"end":{"line":124,"column":7}},"line":122},"11":{"name":"(anonymous_11)","decl":{"start":{"line":147,"column":2},"end":{"line":147,"column":3}},"loc":{"start":{"line":147,"column":29},"end":{"line":154,"column":3}},"line":147},"12":{"name":"(anonymous_12)","decl":{"start":{"line":156,"column":2},"end":{"line":156,"column":3}},"loc":{"start":{"line":156,"column":25},"end":{"line":164,"column":3}},"line":156},"13":{"name":"(anonymous_13)","decl":{"start":{"line":166,"column":2},"end":{"line":166,"column":3}},"loc":{"start":{"line":166,"column":11},"end":{"line":193,"column":3}},"line":166}},"branchMap":{"0":{"loc":{"start":{"line":46,"column":4},"end":{"line":52,"column":5}},"type":"if","locations":[{"start":{"line":46,"column":4},"end":{"line":52,"column":5}},{"start":{"line":46,"column":4},"end":{"line":52,"column":5}}],"line":46},"1":{"loc":{"start":{"line":50,"column":6},"end":{"line":50,"column":58}},"type":"if","locations":[{"start":{"line":50,"column":6},"end":{"line":50,"column":58}},{"start":{"line":50,"column":6},"end":{"line":50,"column":58}}],"line":50},"2":{"loc":{"start":{"line":50,"column":10},"end":{"line":50,"column":49}},"type":"binary-expr","locations":[{"start":{"line":50,"column":10},"end":{"line":50,"column":31}},{"start":{"line":50,"column":35},"end":{"line":50,"column":49}}],"line":50},"3":{"loc":{"start":{"line":60,"column":4},"end":{"line":64,"column":13}},"type":"if","locations":[{"start":{"line":60,"column":4},"end":{"line":64,"column":13}},{"start":{"line":60,"column":4},"end":{"line":64,"column":13}}],"line":60},"4":{"loc":{"start":{"line":61,"column":6},"end":{"line":62,"column":37}},"type":"binary-expr","locations":[{"start":{"line":61,"column":6},"end":{"line":61,"column":44}},{"start":{"line":62,"column":6},"end":{"line":62,"column":37}}],"line":61},"5":{"loc":{"start":{"line":70,"column":4},"end":{"line":73,"column":5}},"type":"if","locations":[{"start":{"line":70,"column":4},"end":{"line":73,"column":5}},{"start":{"line":70,"column":4},"end":{"line":73,"column":5}}],"line":70},"6":{"loc":{"start":{"line":91,"column":6},"end":{"line":99,"column":7}},"type":"if","locations":[{"start":{"line":91,"column":6},"end":{"line":99,"column":7}},{"start":{"line":91,"column":6},"end":{"line":99,"column":7}}],"line":91},"7":{"loc":{"start":{"line":117,"column":4},"end":{"line":125,"column":5}},"type":"if","locations":[{"start":{"line":117,"column":4},"end":{"line":125,"column":5}},{"start":{"line":117,"column":4},"end":{"line":125,"column":5}}],"line":117},"8":{"loc":{"start":{"line":127,"column":4},"end":{"line":139,"column":5}},"type":"if","locations":[{"start":{"line":127,"column":4},"end":{"line":139,"column":5}},{"start":{"line":127,"column":4},"end":{"line":139,"column":5}}],"line":127},"9":{"loc":{"start":{"line":127,"column":8},"end":{"line":127,"column":39}},"type":"binary-expr","locations":[{"start":{"line":127,"column":8},"end":{"line":127,"column":16}},{"start":{"line":127,"column":20},"end":{"line":127,"column":39}}],"line":127},"10":{"loc":{"start":{"line":157,"column":4},"end":{"line":161,"column":5}},"type":"if","locations":[{"start":{"line":157,"column":4},"end":{"line":161,"column":5}},{"start":{"line":157,"column":4},"end":{"line":161,"column":5}}],"line":157},"11":{"loc":{"start":{"line":157,"column":8},"end":{"line":157,"column":70}},"type":"binary-expr","locations":[{"start":{"line":157,"column":8},"end":{"line":157,"column":18}},{"start":{"line":157,"column":22},"end":{"line":157,"column":45}},{"start":{"line":157,"column":49},"end":{"line":157,"column":70}}],"line":157}},"s":{"0":6,"1":6,"2":6,"3":6,"4":6,"5":6,"6":6,"7":1,"8":0,"9":0,"10":0,"11":0,"12":0,"13":0,"14":0,"15":0,"16":0,"17":0,"18":0,"19":0,"20":0,"21":0,"22":0,"23":0,"24":0,"25":0,"26":0,"27":0,"28":0,"29":0,"30":0,"31":0,"32":0,"33":0,"34":0,"35":0,"36":0,"37":0,"38":0,"39":0,"40":0,"41":0,"42":0,"43":0,"44":0,"45":0,"46":1,"47":1,"48":1,"49":1,"50":0,"51":11},"f":{"0":6,"1":6,"2":1,"3":0,"4":0,"5":0,"6":0,"7":0,"8":0,"9":0,"10":0,"11":0,"12":1,"13":11},"b":{"0":[0,0],"1":[0,0],"2":[0,0],"3":[0,0],"4":[0,0],"5":[0,0],"6":[0,0],"7":[0,0],"8":[0,0],"9":[0,0],"10":[1,0],"11":[1,1,1]},"_coverageSchema":"43e27e138ebf9cfc5966b082cf9a028302ed4184","hash":"2ad00e6b7447731d998dc9e6df03e4dc33178e74"}
}
