TN:
SF:C:\Users\kaubin\Documents\Drexel\SE691 Software Studio\dev\add_play_table\frontend\src\components\PlayerTable\PlayerTable.js
FN:8,(anonymous_0)
FN:29,(anonymous_1)
FN:41,(anonymous_2)
FN:47,(anonymous_3)
FN:86,(anonymous_4)
FN:102,(anonymous_5)
FN:136,(anonymous_6)
FN:153,(anonymous_7)
FN:157,(anonymous_8)
FN:161,(anonymous_9)
FN:165,(anonymous_10)
FN:169,(anonymous_11)
FN:193,(anonymous_12)
FN:203,(anonymous_13)
FN:212,(anonymous_14)
FN:223,(anonymous_15)
FN:236,(anonymous_16)
FN:244,(anonymous_17)
FN:259,(anonymous_18)
FNF:19
FNH:12
FNDA:3,(anonymous_0)
FNDA:0,(anonymous_1)
FNDA:0,(anonymous_2)
FNDA:0,(anonymous_3)
FNDA:3,(anonymous_4)
FNDA:2,(anonymous_5)
FNDA:0,(anonymous_6)
FNDA:0,(anonymous_7)
FNDA:18,(anonymous_8)
FNDA:12,(anonymous_9)
FNDA:2,(anonymous_10)
FNDA:6,(anonymous_11)
FNDA:6,(anonymous_12)
FNDA:6,(anonymous_13)
FNDA:6,(anonymous_14)
FNDA:3,(anonymous_15)
FNDA:0,(anonymous_16)
FNDA:6,(anonymous_17)
FNDA:0,(anonymous_18)
DA:9,3
DA:11,3
DA:22,3
DA:26,3
DA:30,0
DA:32,0
DA:34,0
DA:35,0
DA:36,0
DA:38,0
DA:42,0
DA:43,0
DA:48,0
DA:49,0
DA:50,0
DA:53,0
DA:54,0
DA:57,0
DA:58,0
DA:60,0
DA:61,0
DA:62,0
DA:65,0
DA:66,0
DA:67,0
DA:69,0
DA:72,0
DA:73,0
DA:74,0
DA:75,0
DA:76,0
DA:77,0
DA:78,0
DA:80,0
DA:81,0
DA:87,3
DA:88,0
DA:89,0
DA:90,0
DA:91,0
DA:93,0
DA:103,2
DA:104,2
DA:105,2
DA:106,0
DA:115,2
DA:117,2
DA:120,2
DA:122,2
DA:123,6
DA:124,6
DA:125,6
DA:127,6
DA:133,2
DA:137,0
DA:139,0
DA:143,0
DA:145,0
DA:147,0
DA:154,0
DA:158,18
DA:162,12
DA:166,2
DA:170,6
DA:171,0
DA:177,6
DA:178,0
DA:186,6
DA:194,6
DA:195,0
DA:200,6
DA:204,6
DA:205,0
DA:206,6
DA:207,0
DA:209,6
DA:213,6
DA:224,3
DA:225,3
DA:226,2
DA:228,2
DA:229,2
DA:230,2
DA:233,2
DA:237,0
DA:245,6
DA:256,1
DA:260,0
LF:88
LH:38
BRDA:32,0,0,0
BRDA:32,0,1,0
BRDA:32,1,0,0
BRDA:32,1,1,0
BRDA:42,2,0,0
BRDA:42,2,1,0
BRDA:48,3,0,0
BRDA:48,3,1,0
BRDA:49,4,0,0
BRDA:49,4,1,0
BRDA:49,5,0,0
BRDA:49,5,1,0
BRDA:66,6,0,0
BRDA:66,6,1,0
BRDA:67,7,0,0
BRDA:67,7,1,0
BRDA:69,8,0,0
BRDA:69,8,1,0
BRDA:77,9,0,0
BRDA:77,9,1,0
BRDA:87,10,0,0
BRDA:87,10,1,3
BRDA:103,11,0,0
BRDA:103,11,1,2
BRDA:104,12,0,0
BRDA:104,12,1,2
BRDA:105,13,0,0
BRDA:105,13,1,2
BRDA:117,14,0,0
BRDA:117,14,1,2
BRDA:139,15,0,0
BRDA:139,15,1,0
BRDA:140,16,0,0
BRDA:140,16,1,0
BRDA:170,17,0,0
BRDA:170,17,1,6
BRDA:170,18,0,6
BRDA:170,18,1,0
BRDA:177,19,0,0
BRDA:177,19,1,6
BRDA:194,20,0,0
BRDA:194,20,1,6
BRDA:194,21,0,6
BRDA:194,21,1,0
BRDA:204,22,0,0
BRDA:204,22,1,6
BRDA:204,23,0,6
BRDA:204,23,1,0
BRDA:206,24,0,0
BRDA:206,24,1,6
BRDA:224,25,0,3
BRDA:224,25,1,0
BRDA:225,26,0,2
BRDA:225,26,1,1
BRDA:225,27,0,3
BRDA:225,27,1,3
BRDA:229,28,0,2
BRDA:229,28,1,0
BRF:58
BRH:19
end_of_record
